This is pdfTeX, Version 3.141592653-2.6-1.40.25 (TeX Live 2023) (preloaded format=pdflatex 2023.4.5)  23 NOV 2023 12:46
entering extended mode
 restricted \write18 enabled.
 %&-line parsing enabled.
**mdl.tex
(./mdl.tex
LaTeX2e <2022-11-01> patch level 1
L3 programming layer <2023-02-22>
(/usr/local/texlive/2023basic/texmf-dist/tex/latex/base/article.cls
Document Class: article 2022/07/02 v1.4n Standard LaTeX document class
(/usr/local/texlive/2023basic/texmf-dist/tex/latex/base/size12.clo
File: size12.clo 2022/07/02 v1.4n Standard LaTeX file (size option)
)
\c@part=\count185
\c@section=\count186
\c@subsection=\count187
\c@subsubsection=\count188
\c@paragraph=\count189
\c@subparagraph=\count190
\c@figure=\count191
\c@table=\count192
\abovecaptionskip=\skip48
\belowcaptionskip=\skip49
\bibindent=\dimen140
)
(/usr/local/texlive/2023basic/texmf-dist/tex/latex/amsmath/amsmath.sty
Package: amsmath 2022/04/08 v2.17n AMS math features
\@mathmargin=\skip50

For additional information on amsmath, use the `?' option.
(/usr/local/texlive/2023basic/texmf-dist/tex/latex/amsmath/amstext.sty
Package: amstext 2021/08/26 v2.01 AMS text

(/usr/local/texlive/2023basic/texmf-dist/tex/latex/amsmath/amsgen.sty
File: amsgen.sty 1999/11/30 v2.0 generic functions
\@emptytoks=\toks16
\ex@=\dimen141
))
(/usr/local/texlive/2023basic/texmf-dist/tex/latex/amsmath/amsbsy.sty
Package: amsbsy 1999/11/29 v1.2d Bold Symbols
\pmbraise@=\dimen142
)
(/usr/local/texlive/2023basic/texmf-dist/tex/latex/amsmath/amsopn.sty
Package: amsopn 2022/04/08 v2.04 operator names
)
\inf@bad=\count193
LaTeX Info: Redefining \frac on input line 234.
\uproot@=\count194
\leftroot@=\count195
LaTeX Info: Redefining \overline on input line 399.
LaTeX Info: Redefining \colon on input line 410.
\classnum@=\count196
\DOTSCASE@=\count197
LaTeX Info: Redefining \ldots on input line 496.
LaTeX Info: Redefining \dots on input line 499.
LaTeX Info: Redefining \cdots on input line 620.
\Mathstrutbox@=\box51
\strutbox@=\box52
LaTeX Info: Redefining \big on input line 722.
LaTeX Info: Redefining \Big on input line 723.
LaTeX Info: Redefining \bigg on input line 724.
LaTeX Info: Redefining \Bigg on input line 725.
\big@size=\dimen143
LaTeX Font Info:    Redeclaring font encoding OML on input line 743.
LaTeX Font Info:    Redeclaring font encoding OMS on input line 744.
\macc@depth=\count198
LaTeX Info: Redefining \bmod on input line 905.
LaTeX Info: Redefining \pmod on input line 910.
LaTeX Info: Redefining \smash on input line 940.
LaTeX Info: Redefining \relbar on input line 970.
LaTeX Info: Redefining \Relbar on input line 971.
\c@MaxMatrixCols=\count199
\dotsspace@=\muskip16
\c@parentequation=\count266
\dspbrk@lvl=\count267
\tag@help=\toks17
\row@=\count268
\column@=\count269
\maxfields@=\count270
\andhelp@=\toks18
\eqnshift@=\dimen144
\alignsep@=\dimen145
\tagshift@=\dimen146
\tagwidth@=\dimen147
\totwidth@=\dimen148
\lineht@=\dimen149
\@envbody=\toks19
\multlinegap=\skip51
\multlinetaggap=\skip52
\mathdisplay@stack=\toks20
LaTeX Info: Redefining \[ on input line 2953.
LaTeX Info: Redefining \] on input line 2954.
)
(/usr/local/texlive/2023basic/texmf-dist/tex/latex/base/fontenc.sty
Package: fontenc 2021/04/29 v2.0v Standard LaTeX package
)
(/usr/local/texlive/2023basic/texmf-dist/tex/latex/graphics/graphicx.sty
Package: graphicx 2021/09/16 v1.2d Enhanced LaTeX Graphics (DPC,SPQR)

(/usr/local/texlive/2023basic/texmf-dist/tex/latex/graphics/keyval.sty
Package: keyval 2022/05/29 v1.15 key=value parser (DPC)
\KV@toks@=\toks21
)
(/usr/local/texlive/2023basic/texmf-dist/tex/latex/graphics/graphics.sty
Package: graphics 2022/03/10 v1.4e Standard LaTeX Graphics (DPC,SPQR)

(/usr/local/texlive/2023basic/texmf-dist/tex/latex/graphics/trig.sty
Package: trig 2021/08/11 v1.11 sin cos tan (DPC)
)
(/usr/local/texlive/2023basic/texmf-dist/tex/latex/graphics-cfg/graphics.cfg
File: graphics.cfg 2016/06/04 v1.11 sample graphics configuration
)
Package graphics Info: Driver file: pdftex.def on input line 107.

(/usr/local/texlive/2023basic/texmf-dist/tex/latex/graphics-def/pdftex.def
File: pdftex.def 2022/09/22 v1.2b Graphics/color driver for pdftex
))
\Gin@req@height=\dimen150
\Gin@req@width=\dimen151
)
(/usr/local/texlive/2023basic/texmf-dist/tex/latex/amsfonts/amsfonts.sty
Package: amsfonts 2013/01/14 v3.01 Basic AMSFonts support
\symAMSa=\mathgroup4
\symAMSb=\mathgroup5
LaTeX Font Info:    Redeclaring math symbol \hbar on input line 98.
LaTeX Font Info:    Overwriting math alphabet `\mathfrak' in version `bold'
(Font)                  U/euf/m/n --> U/euf/b/n on input line 106.
)
(/usr/local/texlive/2023basic/texmf-dist/tex/latex/l3backend/l3backend-pdftex.d
ef
File: l3backend-pdftex.def 2023-01-16 L3 backend support: PDF output (pdfTeX)
\l__color_backend_stack_int=\count271
\l__pdf_internal_box=\box53
) (./mdl.aux)
\openout1 = `mdl.aux'.

LaTeX Font Info:    Checking defaults for OML/cmm/m/it on input line 19.
LaTeX Font Info:    ... okay on input line 19.
LaTeX Font Info:    Checking defaults for OMS/cmsy/m/n on input line 19.
LaTeX Font Info:    ... okay on input line 19.
LaTeX Font Info:    Checking defaults for OT1/cmr/m/n on input line 19.
LaTeX Font Info:    ... okay on input line 19.
LaTeX Font Info:    Checking defaults for T1/cmr/m/n on input line 19.
LaTeX Font Info:    ... okay on input line 19.
LaTeX Font Info:    Checking defaults for TS1/cmr/m/n on input line 19.
LaTeX Font Info:    ... okay on input line 19.
LaTeX Font Info:    Checking defaults for OMX/cmex/m/n on input line 19.
LaTeX Font Info:    ... okay on input line 19.
LaTeX Font Info:    Checking defaults for U/cmr/m/n on input line 19.
LaTeX Font Info:    ... okay on input line 19.

(/usr/local/texlive/2023basic/texmf-dist/tex/context/base/mkii/supp-pdf.mkii
[Loading MPS to PDF converter (version 2006.09.02).]
\scratchcounter=\count272
\scratchdimen=\dimen152
\scratchbox=\box54
\nofMPsegments=\count273
\nofMParguments=\count274
\everyMPshowfont=\toks22
\MPscratchCnt=\count275
\MPscratchDim=\dimen153
\MPnumerator=\count276
\makeMPintoPDFobject=\count277
\everyMPtoPDFconversion=\toks23
)
(/usr/local/texlive/2023basic/texmf-dist/tex/latex/epstopdf-pkg/epstopdf-base.s
ty
Package: epstopdf-base 2020-01-24 v2.11 Base part for package epstopdf
Package epstopdf-base Info: Redefining graphics rule for `.eps' on input line 4
85.

(/usr/local/texlive/2023basic/texmf-dist/tex/latex/latexconfig/epstopdf-sys.cfg
File: epstopdf-sys.cfg 2010/07/13 v1.3 Configuration of (r)epstopdf for TeX Liv
e
))
LaTeX Font Info:    Trying to load font information for U+msa on input line 21.

 (/usr/local/texlive/2023basic/texmf-dist/tex/latex/amsfonts/umsa.fd
File: umsa.fd 2013/01/14 v3.01 AMS symbols A
)
LaTeX Font Info:    Trying to load font information for U+msb on input line 21.


(/usr/local/texlive/2023basic/texmf-dist/tex/latex/amsfonts/umsb.fd
File: umsb.fd 2013/01/14 v3.01 AMS symbols B
)
Overfull \hbox (2.48415pt too wide) in paragraph at lines 33--33
\T1/cmr/m/n/12 Nale»y udowod-ni¢, »e liczba podzi-aªów $\OT1/cmr/m/n/12 (\OML/c
mm/m/it/12 n \OT1/cmr/m/n/12 + 2)$\T1/cmr/m/n/12 -k¡ta wy-pukªego na pªaszczy¹n
ie
 []


Underfull \hbox (badness 10000) in paragraph at lines 33--33

 []


Overfull \hbox (1.40765pt too wide) in paragraph at lines 35--35
[]\T1/cmr/m/n/12 Wyobra¹my so-bie podziaª na-jprost-szych figur: we¹my trójk¡t,
 nie mo»emy
 []


Overfull \hbox (16.69864pt too wide) in paragraph at lines 35--35
\T1/cmr/m/n/12 tylko jedn¡ mo»li-wo±¢. Dla kwadratu mo»emy poprowadzi¢ tylko dw
ie przek¡tne,
 []


Underfull \hbox (badness 10000) in paragraph at lines 35--35

 []

<zad1.png, id=1, 184.2885pt x 161.1621pt>
File: zad1.png Graphic file (type png)
<use zad1.png>
Package pdftex.def Info: zad1.png  used on input line 39.
(pdftex.def)             Requested size: 195.0pt x 170.53345pt.
[1

{/usr/local/texlive/2023basic/texmf-var/fonts/map/pdftex/updmap/pdftex.map}]
Overfull \hbox (2.26909pt too wide) in paragraph at lines 41--41
[]\T1/cmr/m/n/12 Figury $\OML/cmm/m/it/12 F[]$ \T1/cmr/m/n/12 oraz $\OML/cmm/m/
it/12 F[]$ \T1/cmr/m/n/12 dzie-limy dalej przek¡t-nymi na rozª¡czne trójk¡ty, d
opóki
 []


Overfull \hbox (31.8906pt too wide) in paragraph at lines 53--53
[]\T1/cmr/m/n/12 Zauwa»my, »e w lewym pod-drzewie mo»emy mie¢ $\OT1/cmr/m/n/12 
0$ \T1/cmr/m/n/12 wierz-choªków wewn¦trznych,
 []

[2 <./zad1.png>]
Overfull \hbox (10.93831pt too wide) in paragraph at lines 57--57
[]\T1/cmr/m/n/12 Oznacza to, »e ist-nieje $\OML/cmm/m/it/12 C[]$ \T1/cmr/m/n/12
 drzew bi-na-rnych o $\OML/cmm/m/it/12 n$ \T1/cmr/m/n/12 wierz-choªkach wewn¦tr
znych. 
 []


Underfull \hbox (badness 10000) in paragraph at lines 72--72

 []

[3]
<zad6.jpg, id=26, 1003.75pt x 1113.15875pt>
File: zad6.jpg Graphic file (type jpg)
<use zad6.jpg>
Package pdftex.def Info: zad6.jpg  used on input line 96.
(pdftex.def)             Requested size: 341.43306pt x 378.6558pt.
 [4]
Overfull \hbox (3.97441pt too wide) in paragraph at lines 102--102
[]\T1/cmr/m/n/12 Krok in-duk-cyjny: za-ªó»my, »e dla $\OML/cmm/m/it/12 n$ \T1/c
mr/m/n/12 za-chodzi $[]\OT1/cmr/m/n/12 (\OML/cmm/m/it/12 F[]; F[]\OT1/cmr/m/n/1
2 ) = 1$\T1/cmr/m/n/12 , poka»emy,
 []

[5 <./zad6.jpg>]
Overfull \hbox (9.30215pt too wide) in paragraph at lines 104--104
[]$[]\OT1/cmr/m/n/12 (\OML/cmm/m/it/12 F[]; F[]\OT1/cmr/m/n/12 ) = [](\OML/cmm/
m/it/12 F[]; F[] \OT1/cmr/m/n/12 + \OML/cmm/m/it/12 F[]\OT1/cmr/m/n/12 ) = [](\
OML/cmm/m/it/12 F[]; F[]\OT1/cmr/m/n/12 ) = [](\OML/cmm/m/it/12 F[]; F[]\OT1/cm
r/m/n/12 ) =
 []

<zad9.jpg, id=38, 1003.75pt x 1296.845pt>
File: zad9.jpg Graphic file (type jpg)
<use zad9.jpg>
Package pdftex.def Info: zad9.jpg  used on input line 142.
(pdftex.def)             Requested size: 341.43306pt x 441.13914pt.
[6]
<zad10.jpg, id=42, 1054.94125pt x 1003.75pt>
File: zad10.jpg Graphic file (type jpg)
<use zad10.jpg>
Package pdftex.def Info: zad10.jpg  used on input line 145.
(pdftex.def)             Requested size: 341.43306pt x 324.85176pt.
 [7 <./zad9.jpg>] [8 <./zad10.jpg>] (./mdl.aux) ) 
Here is how much of TeX's memory you used:
 2430 strings out of 477476
 36068 string characters out of 5824245
 1858388 words of memory out of 5000000
 22663 multiletter control sequences out of 15000+600000
 527888 words of font info for 74 fonts, out of 8000000 for 9000
 319 hyphenation exceptions out of 8191
 57i,7n,62p,576b,213s stack positions out of 10000i,1000n,20000p,200000b,200000s
 </Users/dominik/Library/texli
ve/2023basic/texmf-var/fonts/pk/ljfour/jknappen/ec/ecbx1200.600pk> </Users/domi
nik/Library/texlive/2023basic/texmf-var/fonts/pk/ljfour/jknappen/ec/ecbx1728.60
0pk> </Users/dominik/Library/texlive/2023basic/texmf-var/fonts/pk/ljfour/jknapp
en/ec/ecrm1200.600pk> </Users/dominik/Library/texlive/2023basic/texmf-var/fonts
/pk/ljfour/jknappen/ec/ecrm1440.600pk> </Users/dominik/Library/texlive/2023basi
c/texmf-var/fonts/pk/ljfour/jknappen/ec/ecrm2074.600pk></usr/local/texlive/2023
basic/texmf-dist/fonts/type1/public/amsfonts/cm/cmex10.pfb></usr/local/texlive/
2023basic/texmf-dist/fonts/type1/public/amsfonts/cm/cmmi12.pfb></usr/local/texl
ive/2023basic/texmf-dist/fonts/type1/public/amsfonts/cm/cmmi6.pfb></usr/local/t
exlive/2023basic/texmf-dist/fonts/type1/public/amsfonts/cm/cmmi8.pfb></usr/loca
l/texlive/2023basic/texmf-dist/fonts/type1/public/amsfonts/cm/cmr12.pfb></usr/l
ocal/texlive/2023basic/texmf-dist/fonts/type1/public/amsfonts/cm/cmr6.pfb></usr
/local/texlive/2023basic/texmf-dist/fonts/type1/public/amsfonts/cm/cmr8.pfb></u
sr/local/texlive/2023basic/texmf-dist/fonts/type1/public/amsfonts/cm/cmsy10.pfb
></usr/local/texlive/2023basic/texmf-dist/fonts/type1/public/amsfonts/cm/cmsy6.
pfb></usr/local/texlive/2023basic/texmf-dist/fonts/type1/public/amsfonts/cm/cms
y8.pfb></usr/local/texlive/2023basic/texmf-dist/fonts/type1/public/amsfonts/sym
bols/msam10.pfb>
Output written on mdl.pdf (8 pages, 1049045 bytes).
PDF statistics:
 235 PDF objects out of 1000 (max. 8388607)
 74 compressed objects within 1 object stream
 0 named destinations out of 1000 (max. 500000)
 21 words of extra memory for PDF output out of 10000 (max. 10000000)

